------------------------------------------------------------------------------------------------------------------------

[2024-12-19 10:37:08 #1 store] 
Database 'C:\Users\Shahd\Desktop\cafe project\objectdb-2.9.1\objectdb-2.9.1\db\odbtest.odb' is opened by 8456@DESKTOP-FF2IVS9

[2024-12-19 10:37:08 #2 store] 
Configuration path: C:\Users\Shahd\Desktop\cafe project\objectdb-2.9.1\objectdb-2.9.1\objectdb.conf

[2024-12-19 10:37:08 #3 type] 
Type cafebreak.user is not enhanced.

[2024-12-19 10:37:08 #4 type] 
Type cafebreak.Reservation is not enhanced.

[2024-12-19 10:37:08 #5 type] 
Type cafebreak.Table is not enhanced.

[2024-12-19 10:37:08 #6 store] 
Database 'C:\Users\Shahd\Desktop\cafe project\objectdb-2.9.1\objectdb-2.9.1\db\odbtest.odb' is closed by 8456@DESKTOP-FF2IVS9

------------------------------------------------------------------------------------------------------------------------

[2024-12-19 10:38:31 #1 store] 
Database 'C:\Users\Shahd\Desktop\cafe project\objectdb-2.9.1\objectdb-2.9.1\db\odbtest.odb' is opened by 12844@DESKTOP-FF2IVS9

[2024-12-19 10:38:31 #2 store] 
Configuration path: C:\Users\Shahd\Desktop\cafe project\objectdb-2.9.1\objectdb-2.9.1\objectdb.conf

[2024-12-19 10:39:01 #3 store] 
Database 'C:\Users\Shahd\Desktop\cafe project\objectdb-2.9.1\objectdb-2.9.1\db\odbtest.odb' is closed by 12844@DESKTOP-FF2IVS9

------------------------------------------------------------------------------------------------------------------------

[2024-12-19 10:47:21 #1 store] 
Database 'C:\Users\Shahd\Desktop\cafe project\objectdb-2.9.1\objectdb-2.9.1\db\odbtest.odb' is opened by 9852@DESKTOP-FF2IVS9

[2024-12-19 10:47:21 #2 store] 
Configuration path: C:\Users\Shahd\Desktop\cafe project\objectdb-2.9.1\objectdb-2.9.1\objectdb.conf

[2024-12-19 10:47:21 #3 type] 
Type cafebreak.user is not enhanced.

[2024-12-19 10:47:21 #4 type] 
Type cafebreak.Reservation is not enhanced.

[2024-12-19 10:47:21 #5 type] 
Type cafebreak.Table is not enhanced.

[2024-12-19 10:47:22 #6 store] 
Database 'C:\Users\Shahd\Desktop\cafe project\objectdb-2.9.1\objectdb-2.9.1\db\odbtest.odb' is closed by 9852@DESKTOP-FF2IVS9

------------------------------------------------------------------------------------------------------------------------

[2024-12-19 10:50:21 #1 store] 
Database 'C:\Users\Shahd\Desktop\cafe project\objectdb-2.9.1\objectdb-2.9.1\db\odbtest.odb' is opened by 12656@DESKTOP-FF2IVS9

[2024-12-19 10:50:21 #2 store] 
Configuration path: C:\Users\Shahd\Desktop\cafe project\objectdb-2.9.1\objectdb-2.9.1\objectdb.conf

[2024-12-19 10:50:21 #3 type] 
Type cafebreak.user is not enhanced.

[2024-12-19 10:50:21 #4 type] 
Type cafebreak.Reservation is not enhanced.

[2024-12-19 10:50:21 #5 type] 
Type cafebreak.Table is not enhanced.

[2024-12-19 10:50:21 #6 store] 
Database 'C:\Users\Shahd\Desktop\cafe project\objectdb-2.9.1\objectdb-2.9.1\db\odbtest.odb' is closed by 12656@DESKTOP-FF2IVS9

------------------------------------------------------------------------------------------------------------------------

[2024-12-19 10:50:40 #1 store] 
Database 'C:\Users\Shahd\Desktop\cafe project\objectdb-2.9.1\objectdb-2.9.1\db\odbtest.odb' is opened by 16736@DESKTOP-FF2IVS9

[2024-12-19 10:50:40 #2 store] 
Configuration path: C:\Users\Shahd\Desktop\cafe project\objectdb-2.9.1\objectdb-2.9.1\objectdb.conf

[2024-12-19 10:50:40 #3 type] 
Type cafebreak.user is not enhanced.

[2024-12-19 10:50:40 #4 type] 
Type cafebreak.Reservation is not enhanced.

[2024-12-19 10:50:40 #5 type] 
Type cafebreak.Table is not enhanced.

[2024-12-19 10:50:40 #6 store] 
Database 'C:\Users\Shahd\Desktop\cafe project\objectdb-2.9.1\objectdb-2.9.1\db\odbtest.odb' is closed by 16736@DESKTOP-FF2IVS9

------------------------------------------------------------------------------------------------------------------------

[2024-12-19 10:52:55 #1 store] 
Database 'C:\Users\Shahd\Desktop\cafe project\objectdb-2.9.1\objectdb-2.9.1\db\odbtest.odb' is opened by 9172@DESKTOP-FF2IVS9

[2024-12-19 10:52:55 #2 store] 
Configuration path: C:\Users\Shahd\Desktop\cafe project\objectdb-2.9.1\objectdb-2.9.1\objectdb.conf

[2024-12-19 10:55:25 #3 store] 
Database 'C:\Users\Shahd\Desktop\cafe project\objectdb-2.9.1\objectdb-2.9.1\db\odbtest.odb' is closed by 9172@DESKTOP-FF2IVS9

